[2m2025-08-06T02:07:37.626741Z[0m [32m INFO[0m [2mpgsqlite[0m[2m:[0m pgsqlite v0.0.13
[2m2025-08-06T02:07:37.626832Z[0m [32m INFO[0m [2mpgsqlite::session::db_handler[0m[2m:[0m New database file detected, will run initial migrations...
[2m2025-08-06T02:07:37.630448Z[0m [32m INFO[0m [2mpgsqlite::session::db_handler[0m[2m:[0m Running initial migrations...
[2m2025-08-06T02:07:37.632642Z[0m [32m INFO[0m [2mpgsqlite::migration::runner[0m[2m:[0m Applying migration 1: Create initial pgsqlite system tables
[2m2025-08-06T02:07:37.633151Z[0m [32m INFO[0m [2mpgsqlite::migration::runner[0m[2m:[0m Migration 1 completed in 0ms
[2m2025-08-06T02:07:37.633201Z[0m [32m INFO[0m [2mpgsqlite::migration::runner[0m[2m:[0m Applying migration 2: Add PostgreSQL ENUM type support
[2m2025-08-06T02:07:37.633807Z[0m [32m INFO[0m [2mpgsqlite::migration::runner[0m[2m:[0m Migration 2 completed in 0ms
[2m2025-08-06T02:07:37.633854Z[0m [32m INFO[0m [2mpgsqlite::migration::runner[0m[2m:[0m Applying migration 3: Add datetime format and timezone metadata for PostgreSQL datetime types
[2m2025-08-06T02:07:37.634594Z[0m [32m INFO[0m [2mpgsqlite::migration::runner[0m[2m:[0m Migration 3 completed in 0ms
[2m2025-08-06T02:07:37.634700Z[0m [32m INFO[0m [2mpgsqlite::migration::runner[0m[2m:[0m Applying migration 4: Convert all datetime types to INTEGER storage using microseconds
[2m2025-08-06T02:07:37.634886Z[0m [32m INFO[0m [2mpgsqlite::migration::runner[0m[2m:[0m Migration 4 completed in 0ms
[2m2025-08-06T02:07:37.634929Z[0m [32m INFO[0m [2mpgsqlite::migration::runner[0m[2m:[0m Applying migration 5: Create PostgreSQL-compatible catalog tables and views for psql compatibility
[2m2025-08-06T02:07:37.792578Z[0m [32m INFO[0m [2mpgsqlite::migration::runner[0m[2m:[0m Migration 5 completed in 157ms
[2m2025-08-06T02:07:37.792665Z[0m [32m INFO[0m [2mpgsqlite::migration::runner[0m[2m:[0m Applying migration 6: Add support for VARCHAR/CHAR length constraints
[2m2025-08-06T02:07:37.793583Z[0m [32m INFO[0m [2mpgsqlite::migration::runner[0m[2m:[0m Migration 6 completed in 0ms
[2m2025-08-06T02:07:37.793644Z[0m [32m INFO[0m [2mpgsqlite::migration::runner[0m[2m:[0m Applying migration 7: Add support for NUMERIC/DECIMAL precision and scale constraints
[2m2025-08-06T02:07:37.794010Z[0m [32m INFO[0m [2mpgsqlite::migration::runner[0m[2m:[0m Migration 7 completed in 0ms
[2m2025-08-06T02:07:37.794057Z[0m [32m INFO[0m [2mpgsqlite::migration::runner[0m[2m:[0m Applying migration 8: Add support for PostgreSQL array types
[2m2025-08-06T02:07:37.794976Z[0m [32m INFO[0m [2mpgsqlite::migration::runner[0m[2m:[0m Migration 8 completed in 0ms
[2m2025-08-06T02:07:37.795025Z[0m [32m INFO[0m [2mpgsqlite::migration::runner[0m[2m:[0m Applying migration 9: Add PostgreSQL Full-Text Search support using FTS5
[2m2025-08-06T02:07:37.797352Z[0m [32m INFO[0m [2mpgsqlite::migration::runner[0m[2m:[0m Migration 9 completed in 2ms
[2m2025-08-06T02:07:37.797401Z[0m [32m INFO[0m [2mpgsqlite::migration::runner[0m[2m:[0m Applying migration 10: Add typcategory column to pg_type view for PostgreSQL compatibility
[2m2025-08-06T02:07:37.798788Z[0m [32m INFO[0m [2mpgsqlite::migration::runner[0m[2m:[0m Migration 10 completed in 1ms
[2m2025-08-06T02:07:37.798849Z[0m [32m INFO[0m [2mpgsqlite::migration::runner[0m[2m:[0m Applying migration 11: Replace oid_hash function with built-in SQLite functions in catalog views
[2m2025-08-06T02:07:37.799923Z[0m [32m INFO[0m [2mpgsqlite::migration::runner[0m[2m:[0m Migration 11 completed in 0ms
[2m2025-08-06T02:07:37.804457Z[0m [32m INFO[0m [2mpgsqlite[0m[2m:[0m Unix socket created at: /tmp/.s.PGSQL.15501
[2m2025-08-06T02:07:37.804537Z[0m [32m INFO[0m [2mpgsqlite[0m[2m:[0m TCP server listening on port 15501
[2m2025-08-06T02:07:37.804549Z[0m [32m INFO[0m [2mpgsqlite[0m[2m:[0m Using database: test_wal2.db
[2m2025-08-06T02:07:37.804557Z[0m [32m INFO[0m [2mpgsqlite[0m[2m:[0m SSL disabled - using unencrypted connections
[2m2025-08-06T02:07:37.806889Z[0m [32m INFO[0m [2mpgsqlite::cache::status[0m[2m:[0m Query Cache Status - Total: 0, Hits: 0 (0.0%), Misses: 0, Evictions: 0, Size: 0/1000
[2m2025-08-06T02:08:06.865803Z[0m [32m INFO[0m [2mpgsqlite[0m[2m:[0m New TCP connection from 127.0.0.1:47716
[2m2025-08-06T02:08:06.865901Z[0m [32m INFO[0m [2mpgsqlite[0m[2m:[0m Handling TCP connection from 127.0.0.1:47716
[2m2025-08-06T02:08:06.865976Z[0m [32m INFO[0m [2mpgsqlite[0m[2m:[0m Rejected SSL request from 127.0.0.1:47716 (SSL disabled)
[2m2025-08-06T02:08:06.866036Z[0m [32m INFO[0m [2mpgsqlite[0m[2m:[0m Received startup message from 127.0.0.1:47716: StartupMessage { protocol_version: 196608, parameters: {"options": "-c client_encoding=UTF8", "user": "postgres", "database": "test"} }
[2m2025-08-06T02:08:06.867889Z[0m [32m INFO[0m [2mpgsqlite::session::connection_manager[0m[2m:[0m Created new connection for session 044d2645-3f5c-4ea4-893f-7e3e3b721464 (total connections: 1)
[2m2025-08-06T02:08:06.868032Z[0m [32m INFO[0m [2mpgsqlite[0m[2m:[0m Sent authentication and ready response to 127.0.0.1:47716
[2m2025-08-06T02:08:06.932048Z[0m [32m INFO[0m [2mpgsqlite::catalog::constraint_populator[0m[2m:[0m Populating constraints for table: users
[2m2025-08-06T02:08:06.967402Z[0m [32m INFO[0m [2mpgsqlite::catalog::constraint_populator[0m[2m:[0m Successfully populated constraints for table: users
[2m2025-08-06T02:08:06.967652Z[0m [32m INFO[0m [2mpgsqlite[0m[2m:[0m Received Parse from 127.0.0.1:47716: query=INSERT INTO users (name, created_at) VALUES ($1, $2), name=
[2m2025-08-06T02:08:06.983022Z[0m [32m INFO[0m [2mpgsqlite::query::extended[0m[2m:[0m Translating array operators for query: INSERT INTO users (name, created_at) VALUES ($1, $2)
[2m2025-08-06T02:08:06.983071Z[0m [32m INFO[0m [2mpgsqlite::query::extended[0m[2m:[0m Array metadata has 0 hints
[2m2025-08-06T02:08:06.984534Z[0m [32m INFO[0m [2mpgsqlite::query::extended[0m[2m:[0m Analyzing query 'INSERT INTO users (name, created_at) VALUES ($1, $2)' for field descriptions
[2m2025-08-06T02:08:06.984550Z[0m [32m INFO[0m [2mpgsqlite::query::extended[0m[2m:[0m Original query: INSERT INTO users (name, created_at) VALUES ($1, $2)
[2m2025-08-06T02:08:06.984556Z[0m [32m INFO[0m [2mpgsqlite::query::extended[0m[2m:[0m Is simple param select: false
[2m2025-08-06T02:08:06.984565Z[0m [32m INFO[0m [2mpgsqlite::query::extended[0m[2m:[0m Final param_types for statement: [0, 0]
[2m2025-08-06T02:08:06.984655Z[0m [32m INFO[0m [2mpgsqlite::query::extended[0m[2m:[0m   Param 1: inferred type OID 25 from value (format=0)
[2m2025-08-06T02:08:06.984667Z[0m [32m INFO[0m [2mpgsqlite::query::extended[0m[2m:[0m   Param 2: inferred type OID 1114 from value (format=0)
[2m2025-08-06T02:08:06.984680Z[0m [32m INFO[0m [2mpgsqlite::query::extended[0m[2m:[0m   Param 1: 9 bytes, expected type OID 0, format 0 (text)
[2m2025-08-06T02:08:06.984696Z[0m [32m INFO[0m [2mpgsqlite::query::extended[0m[2m:[0m     First bytes (hex): 54 65 73 74 20 55 73 65 72
[2m2025-08-06T02:08:06.984703Z[0m [32m INFO[0m [2mpgsqlite::query::extended[0m[2m:[0m     As string: "Test User"
[2m2025-08-06T02:08:06.984707Z[0m [32m INFO[0m [2mpgsqlite::query::extended[0m[2m:[0m   Param 2: 19 bytes, expected type OID 0, format 0 (text)
[2m2025-08-06T02:08:06.984716Z[0m [32m INFO[0m [2mpgsqlite::query::extended[0m[2m:[0m     First bytes (hex): 32 30 32 35 2d 30 38 2d 30 35 20 31 32 3a 33 34 3a 35 36
[2m2025-08-06T02:08:06.984721Z[0m [32m INFO[0m [2mpgsqlite::query::extended[0m[2m:[0m     As string: "2025-08-05 12:34:56"
[2m2025-08-06T02:08:06.984769Z[0m [32m INFO[0m [2mpgsqlite::query::extended[0m[2m:[0m Describing portal '<unnamed>' (type byte: 50)
[2m2025-08-06T02:08:06.984797Z[0m [32m INFO[0m [2mpgsqlite[0m[2m:[0m Received Execute from 127.0.0.1:47716: portal=, max_rows=0
🔍 DEBUG: Executing portal '' with max_rows: 0
🔍 DEBUG: Portal data: original_query='INSERT INTO users (name, created_at) VALUES ($1, $2)', translated_query=Some("INSERT INTO users (name, created_at) VALUES ($1, $2)"), bound_values.len()=2
🔍 DEBUG: Fast path check conditions: !bound_values.is_empty()=true, effective_query.contains('$')=true
🔍 DEBUG: Fast path check: query_type=Insert, bound_values=2, has_$=true
🔍 DEBUG: ExtendedFastPath::execute_with_params called for query: INSERT INTO users (name, created_at) VALUES ($1, $2)
🔍 DEBUG:   bound_values.len(): 2, param_types: [25, 1114], original_types: [25, 1114]
🔍 DEBUG: Fast path parameter conversion succeeded, 2 params
🔍 DEBUG: try_execute_fast_path_with_params called with query: INSERT INTO users (name, created_at) VALUES ($1, $2)
🔍 DEBUG: params: [Text("Test User"), Integer(1754397296000000)]
🔍 DEBUG: WAL check: response=DbResponse { columns: [], rows: [], rows_affected: 1 }, query_type=Insert
🔍 DEBUG: is_autocommit=true
🔍 DEBUG: DML operation completed in autocommit mode, triggering WAL refresh for session 044d2645-3f5c-4ea4-893f-7e3e3b721464
🔍 DEBUG: WAL refresh triggered successfully
🔍 DEBUG: DbHandler fast path succeeded
🔍 DEBUG: Fast path DML succeeded
🔍 DEBUG: Fast path execution succeeded, returning
[2m2025-08-06T02:08:06.985653Z[0m [32m INFO[0m [2mpgsqlite[0m[2m:[0m New TCP connection from 127.0.0.1:47718
[2m2025-08-06T02:08:06.985704Z[0m [32m INFO[0m [2mpgsqlite[0m[2m:[0m Handling TCP connection from 127.0.0.1:47718
[2m2025-08-06T02:08:06.985739Z[0m [32m INFO[0m [2mpgsqlite[0m[2m:[0m Rejected SSL request from 127.0.0.1:47718 (SSL disabled)
[2m2025-08-06T02:08:06.985800Z[0m [32m INFO[0m [2mpgsqlite[0m[2m:[0m Received startup message from 127.0.0.1:47718: StartupMessage { protocol_version: 196608, parameters: {"user": "postgres", "database": "test", "options": "-c client_encoding=UTF8"} }
[2m2025-08-06T02:08:06.987569Z[0m [32m INFO[0m [2mpgsqlite::session::connection_manager[0m[2m:[0m Created new connection for session 25e41e11-8fae-413d-bd71-f6740fa68d6f (total connections: 2)
[2m2025-08-06T02:08:06.987737Z[0m [32m INFO[0m [2mpgsqlite[0m[2m:[0m Sent authentication and ready response to 127.0.0.1:47718
[2m2025-08-06T02:08:06.987924Z[0m [32m INFO[0m [2mpgsqlite[0m[2m:[0m Received Parse from 127.0.0.1:47718: query=SELECT id, name, created_at FROM users WHERE id = $1, name=
[2m2025-08-06T02:08:06.990989Z[0m [32m INFO[0m [2mpgsqlite::query::extended[0m[2m:[0m Translating array operators for query: SELECT id, name, created_at FROM users WHERE id = $1
[2m2025-08-06T02:08:06.991046Z[0m [32m INFO[0m [2mpgsqlite::query::extended[0m[2m:[0m Array metadata has 0 hints
[2m2025-08-06T02:08:06.991838Z[0m [32m INFO[0m [2mpgsqlite::query::extended[0m[2m:[0m Analyzing query 'SELECT id, name, created_at FROM users WHERE id = $1' for field descriptions
[2m2025-08-06T02:08:06.991852Z[0m [32m INFO[0m [2mpgsqlite::query::extended[0m[2m:[0m Original query: SELECT id, name, created_at FROM users WHERE id = $1
[2m2025-08-06T02:08:06.991858Z[0m [32m INFO[0m [2mpgsqlite::query::extended[0m[2m:[0m Is simple param select: false
[2m2025-08-06T02:08:06.991887Z[0m [32m INFO[0m [2mpgsqlite::query::extended[0m[2m:[0m Detected column casts: {}
[2m2025-08-06T02:08:06.995500Z[0m [32m INFO[0m [2mpgsqlite::query::extended[0m[2m:[0m Test query returned 3 columns: ["id", "name", "created_at"]
[2m2025-08-06T02:08:06.999868Z[0m [32m INFO[0m [2mpgsqlite::query::extended[0m[2m:[0m No type hint found in translation metadata for 'id'
[2m2025-08-06T02:08:06.999885Z[0m [32m INFO[0m [2mpgsqlite::query::extended[0m[2m:[0m No type hint found in translation metadata for 'name'
[2m2025-08-06T02:08:06.999891Z[0m [32m INFO[0m [2mpgsqlite::query::extended[0m[2m:[0m No type hint found in translation metadata for 'created_at'
[2m2025-08-06T02:08:06.999900Z[0m [32m INFO[0m [2mpgsqlite::query::extended[0m[2m:[0m Parsed 3 field descriptions from query with inferred types
[2m2025-08-06T02:08:06.999922Z[0m [32m INFO[0m [2mpgsqlite::query::extended[0m[2m:[0m Final param_types for statement: [21]
[2m2025-08-06T02:08:06.999976Z[0m [32m INFO[0m [2mpgsqlite::query::extended[0m[2m:[0m   Param 1: 2 bytes, expected type OID 21, format 1 (binary)
[2m2025-08-06T02:08:06.999990Z[0m [32m INFO[0m [2mpgsqlite::query::extended[0m[2m:[0m     First bytes (hex): 00 01
[2m2025-08-06T02:08:07.000020Z[0m [32m INFO[0m [2mpgsqlite::query::extended[0m[2m:[0m Describing portal '<unnamed>' (type byte: 50)
[2m2025-08-06T02:08:07.000032Z[0m [32m INFO[0m [2mpgsqlite::query::extended[0m[2m:[0m Describe portal: original fields: [FieldDescription { name: "id", table_oid: 0, column_id: 1, type_oid: 23, type_size: -1, type_modifier: -1, format: 0 }, FieldDescription { name: "name", table_oid: 0, column_id: 2, type_oid: 1043, type_size: -1, type_modifier: -1, format: 0 }, FieldDescription { name: "created_at", table_oid: 0, column_id: 3, type_oid: 1114, type_size: -1, type_modifier: -1, format: 0 }]
[2m2025-08-06T02:08:07.000041Z[0m [32m INFO[0m [2mpgsqlite::query::extended[0m[2m:[0m Describe portal: sending updated fields: [FieldDescription { name: "id", table_oid: 0, column_id: 1, type_oid: 23, type_size: -1, type_modifier: -1, format: 0 }, FieldDescription { name: "name", table_oid: 0, column_id: 2, type_oid: 1043, type_size: -1, type_modifier: -1, format: 0 }, FieldDescription { name: "created_at", table_oid: 0, column_id: 3, type_oid: 1114, type_size: -1, type_modifier: -1, format: 0 }]
[2m2025-08-06T02:08:07.000063Z[0m [32m INFO[0m [2mpgsqlite[0m[2m:[0m Received Execute from 127.0.0.1:47718: portal=, max_rows=0
🔍 DEBUG: Executing portal '' with max_rows: 0
🔍 DEBUG: Portal data: original_query='SELECT id, name, created_at FROM users WHERE id = $1', translated_query=Some("SELECT id, name, created_at FROM users WHERE id = $1"), bound_values.len()=1
🔍 DEBUG: Fast path check conditions: !bound_values.is_empty()=true, effective_query.contains('$')=true
[2m2025-08-06T02:08:07.000117Z[0m [32m INFO[0m [2mpgsqlite::query::extended[0m[2m:[0m 🚀 Ultra-fast path triggered for query: SELECT id, name, created_at FROM users WHERE id = $1
[2m2025-08-06T02:08:07.000320Z[0m [32m INFO[0m [2mpgsqlite[0m[2m:[0m Client 127.0.0.1:47716 requested termination
[2m2025-08-06T02:08:07.000341Z[0m [32m INFO[0m [2mpgsqlite::session::connection_manager[0m[2m:[0m Removed connection for session 044d2645-3f5c-4ea4-893f-7e3e3b721464 (remaining connections: 1)
[2m2025-08-06T02:08:07.000348Z[0m [32m INFO[0m [2mpgsqlite[0m[2m:[0m Connection from 127.0.0.1:47716 closed
[2m2025-08-06T02:08:07.000429Z[0m [32m INFO[0m [2mpgsqlite[0m[2m:[0m Client 127.0.0.1:47718 requested termination
[2m2025-08-06T02:08:07.000568Z[0m [32m INFO[0m [2mpgsqlite::session::connection_manager[0m[2m:[0m Removed connection for session 25e41e11-8fae-413d-bd71-f6740fa68d6f (remaining connections: 0)
[2m2025-08-06T02:08:07.000578Z[0m [32m INFO[0m [2mpgsqlite[0m[2m:[0m Connection from 127.0.0.1:47718 closed
