[2m2025-08-06T00:29:59.318859Z[0m [32m INFO[0m [2mpgsqlite[0m[2m:[0m pgsqlite v0.0.13
[2m2025-08-06T00:29:59.318955Z[0m [32m INFO[0m [2mpgsqlite::session::db_handler[0m[2m:[0m New database file detected, will run initial migrations...
[2m2025-08-06T00:29:59.323270Z[0m [32m INFO[0m [2mpgsqlite::session::db_handler[0m[2m:[0m Running initial migrations...
[2m2025-08-06T00:29:59.325188Z[0m [32m INFO[0m [2mpgsqlite::migration::runner[0m[2m:[0m Applying migration 1: Create initial pgsqlite system tables
[2m2025-08-06T00:29:59.325592Z[0m [32m INFO[0m [2mpgsqlite::migration::runner[0m[2m:[0m Migration 1 completed in 0ms
[2m2025-08-06T00:29:59.325649Z[0m [32m INFO[0m [2mpgsqlite::migration::runner[0m[2m:[0m Applying migration 2: Add PostgreSQL ENUM type support
[2m2025-08-06T00:29:59.326300Z[0m [32m INFO[0m [2mpgsqlite::migration::runner[0m[2m:[0m Migration 2 completed in 0ms
[2m2025-08-06T00:29:59.326353Z[0m [32m INFO[0m [2mpgsqlite::migration::runner[0m[2m:[0m Applying migration 3: Add datetime format and timezone metadata for PostgreSQL datetime types
[2m2025-08-06T00:29:59.327129Z[0m [32m INFO[0m [2mpgsqlite::migration::runner[0m[2m:[0m Migration 3 completed in 0ms
[2m2025-08-06T00:29:59.327183Z[0m [32m INFO[0m [2mpgsqlite::migration::runner[0m[2m:[0m Applying migration 4: Convert all datetime types to INTEGER storage using microseconds
[2m2025-08-06T00:29:59.327366Z[0m [32m INFO[0m [2mpgsqlite::migration::runner[0m[2m:[0m Migration 4 completed in 0ms
[2m2025-08-06T00:29:59.327410Z[0m [32m INFO[0m [2mpgsqlite::migration::runner[0m[2m:[0m Applying migration 5: Create PostgreSQL-compatible catalog tables and views for psql compatibility
[2m2025-08-06T00:29:59.487682Z[0m [32m INFO[0m [2mpgsqlite::migration::runner[0m[2m:[0m Migration 5 completed in 160ms
[2m2025-08-06T00:29:59.487758Z[0m [32m INFO[0m [2mpgsqlite::migration::runner[0m[2m:[0m Applying migration 6: Add support for VARCHAR/CHAR length constraints
[2m2025-08-06T00:29:59.488681Z[0m [32m INFO[0m [2mpgsqlite::migration::runner[0m[2m:[0m Migration 6 completed in 0ms
[2m2025-08-06T00:29:59.488733Z[0m [32m INFO[0m [2mpgsqlite::migration::runner[0m[2m:[0m Applying migration 7: Add support for NUMERIC/DECIMAL precision and scale constraints
[2m2025-08-06T00:29:59.489100Z[0m [32m INFO[0m [2mpgsqlite::migration::runner[0m[2m:[0m Migration 7 completed in 0ms
[2m2025-08-06T00:29:59.489147Z[0m [32m INFO[0m [2mpgsqlite::migration::runner[0m[2m:[0m Applying migration 8: Add support for PostgreSQL array types
[2m2025-08-06T00:29:59.490087Z[0m [32m INFO[0m [2mpgsqlite::migration::runner[0m[2m:[0m Migration 8 completed in 0ms
[2m2025-08-06T00:29:59.490137Z[0m [32m INFO[0m [2mpgsqlite::migration::runner[0m[2m:[0m Applying migration 9: Add PostgreSQL Full-Text Search support using FTS5
[2m2025-08-06T00:29:59.492500Z[0m [32m INFO[0m [2mpgsqlite::migration::runner[0m[2m:[0m Migration 9 completed in 2ms
[2m2025-08-06T00:29:59.492560Z[0m [32m INFO[0m [2mpgsqlite::migration::runner[0m[2m:[0m Applying migration 10: Add typcategory column to pg_type view for PostgreSQL compatibility
[2m2025-08-06T00:29:59.493699Z[0m [32m INFO[0m [2mpgsqlite::migration::runner[0m[2m:[0m Migration 10 completed in 0ms
[2m2025-08-06T00:29:59.493749Z[0m [32m INFO[0m [2mpgsqlite::migration::runner[0m[2m:[0m Applying migration 11: Replace oid_hash function with built-in SQLite functions in catalog views
[2m2025-08-06T00:29:59.494551Z[0m [32m INFO[0m [2mpgsqlite::migration::runner[0m[2m:[0m Migration 11 completed in 0ms
[2m2025-08-06T00:29:59.498703Z[0m [32m INFO[0m [2mpgsqlite[0m[2m:[0m Unix socket created at: /tmp/.s.PGSQL.15500
[2m2025-08-06T00:29:59.498762Z[0m [32m INFO[0m [2mpgsqlite[0m[2m:[0m TCP server listening on port 15500
[2m2025-08-06T00:29:59.498771Z[0m [32m INFO[0m [2mpgsqlite[0m[2m:[0m Using database: test_debug.db
[2m2025-08-06T00:29:59.498776Z[0m [32m INFO[0m [2mpgsqlite[0m[2m:[0m SSL disabled - using unencrypted connections
[2m2025-08-06T00:29:59.501490Z[0m [32m INFO[0m [2mpgsqlite::cache::status[0m[2m:[0m Query Cache Status - Total: 0, Hits: 0 (0.0%), Misses: 0, Evictions: 0, Size: 0/1000
[2m2025-08-06T00:30:01.696240Z[0m [32m INFO[0m [2mpgsqlite[0m[2m:[0m New TCP connection from 127.0.0.1:41158
[2m2025-08-06T00:30:01.696337Z[0m [32m INFO[0m [2mpgsqlite[0m[2m:[0m Handling TCP connection from 127.0.0.1:41158
[2m2025-08-06T00:30:01.696413Z[0m [32m INFO[0m [2mpgsqlite[0m[2m:[0m Rejected SSL request from 127.0.0.1:41158 (SSL disabled)
[2m2025-08-06T00:30:01.696470Z[0m [32m INFO[0m [2mpgsqlite[0m[2m:[0m Received startup message from 127.0.0.1:41158: StartupMessage { protocol_version: 196608, parameters: {"user": "postgres", "database": "test", "options": "-c client_encoding=UTF8"} }
[2m2025-08-06T00:30:01.698074Z[0m [32m INFO[0m [2mpgsqlite::session::connection_manager[0m[2m:[0m Created new connection for session ac24731b-6f62-4e1a-9d64-3bbac18bc588 (total connections: 1)
[2m2025-08-06T00:30:01.698263Z[0m [32m INFO[0m [2mpgsqlite[0m[2m:[0m Sent authentication and ready response to 127.0.0.1:41158
[2m2025-08-06T00:30:01.760175Z[0m [32m INFO[0m [2mpgsqlite::catalog::constraint_populator[0m[2m:[0m Populating constraints for table: users
[2m2025-08-06T00:30:01.798452Z[0m [32m INFO[0m [2mpgsqlite::catalog::constraint_populator[0m[2m:[0m Successfully populated constraints for table: users
[2m2025-08-06T00:30:01.798769Z[0m [32m INFO[0m [2mpgsqlite[0m[2m:[0m Received Parse from 127.0.0.1:41158: query=INSERT INTO users (name, created_at) VALUES ($1, $2), name=
[2m2025-08-06T00:30:01.816579Z[0m [32m INFO[0m [2mpgsqlite::query::extended[0m[2m:[0m Translating array operators for query: INSERT INTO users (name, created_at) VALUES ($1, $2)
[2m2025-08-06T00:30:01.816657Z[0m [32m INFO[0m [2mpgsqlite::query::extended[0m[2m:[0m Array metadata has 0 hints
[2m2025-08-06T00:30:01.818303Z[0m [32m INFO[0m [2mpgsqlite::query::extended[0m[2m:[0m Analyzing query 'INSERT INTO users (name, created_at) VALUES ($1, $2)' for field descriptions
[2m2025-08-06T00:30:01.818321Z[0m [32m INFO[0m [2mpgsqlite::query::extended[0m[2m:[0m Original query: INSERT INTO users (name, created_at) VALUES ($1, $2)
[2m2025-08-06T00:30:01.818329Z[0m [32m INFO[0m [2mpgsqlite::query::extended[0m[2m:[0m Is simple param select: false
[2m2025-08-06T00:30:01.818349Z[0m [32m INFO[0m [2mpgsqlite::query::extended[0m[2m:[0m Final param_types for statement: [0, 0]
[2m2025-08-06T00:30:01.818456Z[0m [32m INFO[0m [2mpgsqlite::query::extended[0m[2m:[0m   Param 1: inferred type OID 25 from value (format=0)
[2m2025-08-06T00:30:01.818468Z[0m [32m INFO[0m [2mpgsqlite::query::extended[0m[2m:[0m   Param 2: inferred type OID 1114 from value (format=0)
[2m2025-08-06T00:30:01.818479Z[0m [32m INFO[0m [2mpgsqlite::query::extended[0m[2m:[0m   Param 1: 9 bytes, expected type OID 0, format 0 (text)
[2m2025-08-06T00:30:01.818498Z[0m [32m INFO[0m [2mpgsqlite::query::extended[0m[2m:[0m     First bytes (hex): 54 65 73 74 20 55 73 65 72
[2m2025-08-06T00:30:01.818506Z[0m [32m INFO[0m [2mpgsqlite::query::extended[0m[2m:[0m     As string: "Test User"
[2m2025-08-06T00:30:01.818512Z[0m [32m INFO[0m [2mpgsqlite::query::extended[0m[2m:[0m   Param 2: 19 bytes, expected type OID 0, format 0 (text)
[2m2025-08-06T00:30:01.818523Z[0m [32m INFO[0m [2mpgsqlite::query::extended[0m[2m:[0m     First bytes (hex): 32 30 32 35 2d 30 38 2d 30 35 20 31 32 3a 33 34 3a 35 36
[2m2025-08-06T00:30:01.818531Z[0m [32m INFO[0m [2mpgsqlite::query::extended[0m[2m:[0m     As string: "2025-08-05 12:34:56"
[2m2025-08-06T00:30:01.818594Z[0m [32m INFO[0m [2mpgsqlite::query::extended[0m[2m:[0m Describing portal '<unnamed>' (type byte: 50)
[2m2025-08-06T00:30:01.818640Z[0m [32m INFO[0m [2mpgsqlite[0m[2m:[0m Received Execute from 127.0.0.1:41158: portal=, max_rows=0
🔍 DEBUG: Executing portal '' with max_rows: 0
🔍 DEBUG: Portal data: original_query='INSERT INTO users (name, created_at) VALUES ($1, $2)', translated_query=Some("INSERT INTO users (name, created_at) VALUES ($1, $2)"), bound_values.len()=2
🔍 DEBUG: Fast path check conditions: !bound_values.is_empty()=true, effective_query.contains('$')=true
🔍 DEBUG: Fast path check: query_type=Insert, bound_values=2, has_$=true
🔍 DEBUG: ExtendedFastPath::execute_with_params called for query: INSERT INTO users (name, created_at) VALUES ($1, $2)
🔍 DEBUG:   bound_values.len(): 2, param_types: [25, 1114], original_types: [25, 1114]
🔍 DEBUG: Fast path parameter conversion succeeded, 2 params
🔍 DEBUG: try_execute_fast_path_with_params called with query: INSERT INTO users (name, created_at) VALUES ($1, $2)
🔍 DEBUG: params: [Text("Test User"), Integer(1754397296000000)]
🔍 DEBUG: DbHandler fast path succeeded
🔍 DEBUG: Fast path DML succeeded
🔍 DEBUG: Fast path execution succeeded, returning
[2m2025-08-06T00:30:01.819180Z[0m [32m INFO[0m [2mpgsqlite[0m[2m:[0m Received Parse from 127.0.0.1:41158: query=SELECT id, name, created_at FROM users WHERE id = $1, name=
[2m2025-08-06T00:30:01.820288Z[0m [32m INFO[0m [2mpgsqlite::query::extended[0m[2m:[0m Translating array operators for query: SELECT id, name, created_at FROM users WHERE id = $1
[2m2025-08-06T00:30:01.820351Z[0m [32m INFO[0m [2mpgsqlite::query::extended[0m[2m:[0m Array metadata has 0 hints
[2m2025-08-06T00:30:01.821004Z[0m [32m INFO[0m [2mpgsqlite::query::extended[0m[2m:[0m Analyzing query 'SELECT id, name, created_at FROM users WHERE id = $1' for field descriptions
[2m2025-08-06T00:30:01.821018Z[0m [32m INFO[0m [2mpgsqlite::query::extended[0m[2m:[0m Original query: SELECT id, name, created_at FROM users WHERE id = $1
[2m2025-08-06T00:30:01.821022Z[0m [32m INFO[0m [2mpgsqlite::query::extended[0m[2m:[0m Is simple param select: false
[2m2025-08-06T00:30:01.821054Z[0m [32m INFO[0m [2mpgsqlite::query::extended[0m[2m:[0m Detected column casts: {}
[2m2025-08-06T00:30:01.823603Z[0m [32m INFO[0m [2mpgsqlite::query::extended[0m[2m:[0m Test query returned 3 columns: ["id", "name", "created_at"]
[2m2025-08-06T00:30:01.828249Z[0m [32m INFO[0m [2mpgsqlite::query::extended[0m[2m:[0m No type hint found in translation metadata for 'id'
[2m2025-08-06T00:30:01.828267Z[0m [32m INFO[0m [2mpgsqlite::query::extended[0m[2m:[0m No type hint found in translation metadata for 'name'
[2m2025-08-06T00:30:01.828275Z[0m [32m INFO[0m [2mpgsqlite::query::extended[0m[2m:[0m No type hint found in translation metadata for 'created_at'
[2m2025-08-06T00:30:01.828284Z[0m [32m INFO[0m [2mpgsqlite::query::extended[0m[2m:[0m Parsed 3 field descriptions from query with inferred types
[2m2025-08-06T00:30:01.828325Z[0m [32m INFO[0m [2mpgsqlite::query::extended[0m[2m:[0m Final param_types for statement: [21]
[2m2025-08-06T00:30:01.828369Z[0m [32m INFO[0m [2mpgsqlite::query::extended[0m[2m:[0m   Param 1: 2 bytes, expected type OID 21, format 1 (binary)
[2m2025-08-06T00:30:01.828381Z[0m [32m INFO[0m [2mpgsqlite::query::extended[0m[2m:[0m     First bytes (hex): 00 01
[2m2025-08-06T00:30:01.828409Z[0m [32m INFO[0m [2mpgsqlite::query::extended[0m[2m:[0m Describing portal '<unnamed>' (type byte: 50)
[2m2025-08-06T00:30:01.828422Z[0m [32m INFO[0m [2mpgsqlite::query::extended[0m[2m:[0m Describe portal: original fields: [FieldDescription { name: "id", table_oid: 0, column_id: 1, type_oid: 23, type_size: -1, type_modifier: -1, format: 0 }, FieldDescription { name: "name", table_oid: 0, column_id: 2, type_oid: 1043, type_size: -1, type_modifier: -1, format: 0 }, FieldDescription { name: "created_at", table_oid: 0, column_id: 3, type_oid: 1114, type_size: -1, type_modifier: -1, format: 0 }]
[2m2025-08-06T00:30:01.828433Z[0m [32m INFO[0m [2mpgsqlite::query::extended[0m[2m:[0m Describe portal: sending updated fields: [FieldDescription { name: "id", table_oid: 0, column_id: 1, type_oid: 23, type_size: -1, type_modifier: -1, format: 0 }, FieldDescription { name: "name", table_oid: 0, column_id: 2, type_oid: 1043, type_size: -1, type_modifier: -1, format: 0 }, FieldDescription { name: "created_at", table_oid: 0, column_id: 3, type_oid: 1114, type_size: -1, type_modifier: -1, format: 0 }]
[2m2025-08-06T00:30:01.828465Z[0m [32m INFO[0m [2mpgsqlite[0m[2m:[0m Received Execute from 127.0.0.1:41158: portal=, max_rows=0
🔍 DEBUG: Executing portal '' with max_rows: 0
🔍 DEBUG: Portal data: original_query='SELECT id, name, created_at FROM users WHERE id = $1', translated_query=Some("SELECT id, name, created_at FROM users WHERE id = $1"), bound_values.len()=1
🔍 DEBUG: Fast path check conditions: !bound_values.is_empty()=true, effective_query.contains('$')=true
[2m2025-08-06T00:30:01.828517Z[0m [32m INFO[0m [2mpgsqlite::query::extended[0m[2m:[0m 🚀 Ultra-fast path triggered for query: SELECT id, name, created_at FROM users WHERE id = $1
[2m2025-08-06T00:30:01.829224Z[0m [32m INFO[0m [2mpgsqlite[0m[2m:[0m Client 127.0.0.1:41158 requested termination
[2m2025-08-06T00:30:01.829252Z[0m [32m INFO[0m [2mpgsqlite::session::connection_manager[0m[2m:[0m Removed connection for session ac24731b-6f62-4e1a-9d64-3bbac18bc588 (remaining connections: 0)
[2m2025-08-06T00:30:01.829261Z[0m [32m INFO[0m [2mpgsqlite[0m[2m:[0m Connection from 127.0.0.1:41158 closed
